build/app/intermediates/manifest_merge_blame_file/debug/manifest-merger-blame-debug-report.txt
1<?xml version="1.0" encoding="utf-8"?>
2<manifest xmlns:android="http://schemas.android.com/apk/res/android"
3    package="com.example.klinik_alya_iman_mobile_app"
4    android:versionCode="1"
5    android:versionName="1.0.0" >
6
7    <uses-sdk
8        android:minSdkVersion="19"
9        android:targetSdkVersion="33" />
10    <!--
11         The INTERNET permission is required for development. Specifically,
12         the Flutter tool needs it to communicate with the running application
13         to allow setting breakpoints, to provide hot reload, etc.
14    -->
15    <uses-permission android:name="android.permission.INTERNET" />
15-->src\debug\AndroidManifest.xml:6:5-66
15-->src\debug\AndroidManifest.xml:6:22-64
16    <uses-permission
16-->src\main\AndroidManifest.xml:2:1-3:38
17        android:name="android.permission.SCHEDULE_EXACT_ALARM"
17-->src\main\AndroidManifest.xml:2:18-72
18        android:maxSdkVersion="32" />
18-->src\main\AndroidManifest.xml:3:9-35
19    <uses-permission android:name="android.permission.USE_EXACT_ALARM" />
19-->src\main\AndroidManifest.xml:4:1-70
19-->src\main\AndroidManifest.xml:4:18-67
20    <uses-permission android:name="android.permission.RECEIVE_BOOT_COMPLETED" />
20-->[:flutter_local_notifications] AndroidManifest.xml:9:5-81
20-->[:flutter_local_notifications] AndroidManifest.xml:9:22-78
21    <uses-permission android:name="android.permission.VIBRATE" />
21-->[:flutter_local_notifications] AndroidManifest.xml:10:5-66
21-->[:flutter_local_notifications] AndroidManifest.xml:10:22-63
22    <uses-permission android:name="android.permission.USE_FULL_SCREEN_INTENT" />
22-->[:flutter_local_notifications] AndroidManifest.xml:11:5-81
22-->[:flutter_local_notifications] AndroidManifest.xml:11:22-78
23    <uses-permission android:name="android.permission.POST_NOTIFICATIONS" />
23-->[:flutter_local_notifications] AndroidManifest.xml:13:5-77
23-->[:flutter_local_notifications] AndroidManifest.xml:13:22-74
24
25    <application
26        android:name="android.app.Application"
27        android:appComponentFactory="androidx.core.app.CoreComponentFactory"
27-->[androidx.core:core:1.6.0] AndroidManifest.xml:24:18-86
28        android:debuggable="true"
29        android:icon="@mipmap/ic_launcher"
30        android:label="klinik_alya_iman_mobile_app" >
31        <activity
32            android:name="com.example.klinik_alya_iman_mobile_app.MainActivity"
33            android:configChanges="orientation|keyboardHidden|keyboard|screenSize|smallestScreenSize|locale|layoutDirection|fontScale|screenLayout|density|uiMode"
34            android:exported="true"
35            android:hardwareAccelerated="true"
36            android:launchMode="singleTop"
37            android:theme="@style/LaunchTheme"
38            android:windowSoftInputMode="adjustResize" >
39
40            <!--
41                 Specifies an Android theme to apply to this Activity as soon as
42                 the Android process has started. This theme is visible to the user
43                 while the Flutter UI initializes. After that, this theme continues
44                 to determine the Window background behind the Flutter UI.
45            -->
46            <meta-data
47                android:name="io.flutter.embedding.android.NormalTheme"
48                android:resource="@style/NormalTheme" />
49
50            <intent-filter>
51                <action android:name="android.intent.action.MAIN" />
52
53                <category android:name="android.intent.category.LAUNCHER" />
54            </intent-filter>
55        </activity>
56        <!--
57             Don't delete the meta-data below.
58             This is used by the Flutter tool to generate GeneratedPluginRegistrant.java
59        -->
60        <meta-data
61            android:name="flutterEmbedding"
62            android:value="2" />
63
64        <receiver
64-->[:flutter_local_notifications] AndroidManifest.xml:16:9-18:40
65            android:name="com.dexterous.flutterlocalnotifications.ScheduledNotificationReceiver"
65-->[:flutter_local_notifications] AndroidManifest.xml:17:13-97
66            android:exported="false" />
66-->[:flutter_local_notifications] AndroidManifest.xml:18:13-37
67        <receiver
67-->[:flutter_local_notifications] AndroidManifest.xml:19:9-28:20
68            android:name="com.dexterous.flutterlocalnotifications.ScheduledNotificationBootReceiver"
68-->[:flutter_local_notifications] AndroidManifest.xml:20:13-101
69            android:exported="false" >
69-->[:flutter_local_notifications] AndroidManifest.xml:21:13-37
70            <intent-filter>
70-->[:flutter_local_notifications] AndroidManifest.xml:22:13-27:29
71                <action android:name="android.intent.action.BOOT_COMPLETED" />
71-->[:flutter_local_notifications] AndroidManifest.xml:23:17-79
71-->[:flutter_local_notifications] AndroidManifest.xml:23:25-76
72                <action android:name="android.intent.action.MY_PACKAGE_REPLACED" />
72-->[:flutter_local_notifications] AndroidManifest.xml:24:17-84
72-->[:flutter_local_notifications] AndroidManifest.xml:24:25-81
73                <action android:name="android.intent.action.QUICKBOOT_POWERON" />
73-->[:flutter_local_notifications] AndroidManifest.xml:25:17-82
73-->[:flutter_local_notifications] AndroidManifest.xml:25:25-79
74                <action android:name="com.htc.intent.action.QUICKBOOT_POWERON" />
74-->[:flutter_local_notifications] AndroidManifest.xml:26:17-82
74-->[:flutter_local_notifications] AndroidManifest.xml:26:25-79
75            </intent-filter>
76        </receiver>
77
78        <uses-library
78-->[androidx.window:window:1.0.0-beta04] AndroidManifest.xml:25:9-27:40
79            android:name="androidx.window.extensions"
79-->[androidx.window:window:1.0.0-beta04] AndroidManifest.xml:26:13-54
80            android:required="false" />
80-->[androidx.window:window:1.0.0-beta04] AndroidManifest.xml:27:13-37
81        <uses-library
81-->[androidx.window:window:1.0.0-beta04] AndroidManifest.xml:28:9-30:40
82            android:name="androidx.window.sidecar"
82-->[androidx.window:window:1.0.0-beta04] AndroidManifest.xml:29:13-51
83            android:required="false" />
83-->[androidx.window:window:1.0.0-beta04] AndroidManifest.xml:30:13-37
84    </application>
85
86</manifest>